<?xml version="1.0" encoding="UTF-8"?>
<!-- Generated by org.testng.reporters.JUnitReportReporter -->
<testsuite hostname="Madhu-Desktop" name="com.qa.tests.DataDrivenTest" tests="4" failures="0" timestamp="21 Nov 2019 08:53:08 GMT" time="138.622" errors="0">
  <testcase name="FormFilling" time="37.027" classname="com.qa.tests.DataDrivenTest"/>
  <testcase name="FormFilling" time="31.493" classname="com.qa.tests.DataDrivenTest"/>
  <testcase name="parameterscheckin" time="38.454" classname="com.qa.tests.DataDrivenTest"/>
  <testcase name="FormFilling" time="31.648" classname="com.qa.tests.DataDrivenTest"/>
</testsuite> <!-- com.qa.tests.DataDrivenTest -->
