<?xml version="1.0" encoding="UTF-8"?>
<!-- Generated by org.testng.reporters.JUnitReportReporter -->
<testsuite hostname="DESKTOP-4JOOFEN" name="com.qa.Baseclass.Base" tests="1" failures="0" timestamp="3 Sep 2019 13:14:12 GMT" time="30.494" errors="0">
  <testcase name="initialization" time="30.494" classname="com.qa.Baseclass.Base"/>
</testsuite> <!-- com.qa.Baseclass.Base -->
