<?xml version="1.0" encoding="UTF-8"?>
<!-- Generated by org.testng.reporters.JUnitReportReporter -->
<testsuite hostname="DESKTOP-4JOOFEN" name="com.qa.datadriven.utility.UtilityClass" tests="1" failures="0" timestamp="18 Oct 2019 08:15:20 GMT" time="1.703" errors="0">
  <testcase name="getData" time="1.703" classname="com.qa.datadriven.utility.UtilityClass"/>
</testsuite> <!-- com.qa.datadriven.utility.UtilityClass -->
