<?xml version="1.0" encoding="UTF-8"?>
<!-- Generated by org.testng.reporters.JUnitReportReporter -->
<testsuite hostname="DESKTOP-4JOOFEN" name="com.qa.tests.TestClass" tests="1" failures="0" timestamp="4 Sep 2019 10:14:21 GMT" time="128.402" errors="0">
  <testcase name="loginTest" time="128.402" classname="com.qa.tests.TestClass"/>
</testsuite> <!-- com.qa.tests.TestClass -->
